{"F:\\vidlybackend\\genres.js\\index.js": {"path":"F:\\vidlybackend\\genres.js\\index.js","statementMap":{"0":{"start":{"line":1,"column":14},"end":{"line":1,"column":32}},"1":{"start":{"line":2,"column":10},"end":{"line":2,"column":19}},"2":{"start":{"line":3,"column":14},"end":{"line":3,"column":32}},"3":{"start":{"line":4,"column":0},"end":{"line":4,"column":30}},"4":{"start":{"line":5,"column":0},"end":{"line":5,"column":32}},"5":{"start":{"line":6,"column":0},"end":{"line":6,"column":25}},"6":{"start":{"line":7,"column":0},"end":{"line":7,"column":33}},"7":{"start":{"line":8,"column":11},"end":{"line":8,"column":15}},"8":{"start":{"line":9,"column":15},"end":{"line":11,"column":1}},"9":{"start":{"line":10,"column":1},"end":{"line":10,"column":47}},"10":{"start":{"line":12,"column":0},"end":{"line":12,"column":22}}},"fnMap":{"0":{"name":"(anonymous_0)","decl":{"start":{"line":9,"column":31},"end":{"line":9,"column":32}},"loc":{"start":{"line":10,"column":1},"end":{"line":10,"column":47}},"line":10}},"branchMap":{},"s":{"0":1,"1":1,"2":1,"3":1,"4":1,"5":1,"6":1,"7":1,"8":1,"9":1,"10":1},"f":{"0":1},"b":{},"_coverageSchema":"332fd63041d2c1bcb487cc26dd0d5f7d97098a6c","hash":"1414b99963cc5df037df6780a35459c8c41c2a66"}
,"F:\\vidlybackend\\genres.js\\middleware\\admin.js": {"path":"F:\\vidlybackend\\genres.js\\middleware\\admin.js","statementMap":{"0":{"start":{"line":2,"column":4},"end":{"line":2,"column":71}},"1":{"start":{"line":2,"column":26},"end":{"line":2,"column":71}},"2":{"start":{"line":3,"column":4},"end":{"line":3,"column":10}},"3":{"start":{"line":5,"column":0},"end":{"line":5,"column":21}}},"fnMap":{"0":{"name":"admin","decl":{"start":{"line":1,"column":9},"end":{"line":1,"column":14}},"loc":{"start":{"line":1,"column":28},"end":{"line":4,"column":1}},"line":1}},"branchMap":{"0":{"loc":{"start":{"line":2,"column":4},"end":{"line":2,"column":71}},"type":"if","locations":[{"start":{"line":2,"column":4},"end":{"line":2,"column":71}},{"start":{"line":2,"column":4},"end":{"line":2,"column":71}}],"line":2}},"s":{"0":0,"1":0,"2":0,"3":1},"f":{"0":0},"b":{"0":[0,0]},"_coverageSchema":"332fd63041d2c1bcb487cc26dd0d5f7d97098a6c","hash":"a9beae3de82b837a8d8c64446015c917a3568aad"}
,"F:\\vidlybackend\\genres.js\\middleware\\auth.js": {"path":"F:\\vidlybackend\\genres.js\\middleware\\auth.js","statementMap":{"0":{"start":{"line":1,"column":10},"end":{"line":1,"column":33}},"1":{"start":{"line":3,"column":16},"end":{"line":3,"column":42}},"2":{"start":{"line":4,"column":4},"end":{"line":4,"column":77}},"3":{"start":{"line":4,"column":15},"end":{"line":4,"column":77}},"4":{"start":{"line":5,"column":3},"end":{"line":12,"column":4}},"5":{"start":{"line":6,"column":17},"end":{"line":6,"column":50}},"6":{"start":{"line":7,"column":4},"end":{"line":7,"column":20}},"7":{"start":{"line":8,"column":4},"end":{"line":8,"column":10}},"8":{"start":{"line":11,"column":7},"end":{"line":11,"column":44}},"9":{"start":{"line":15,"column":0},"end":{"line":15,"column":20}}},"fnMap":{"0":{"name":"auth","decl":{"start":{"line":2,"column":9},"end":{"line":2,"column":13}},"loc":{"start":{"line":2,"column":27},"end":{"line":14,"column":1}},"line":2}},"branchMap":{"0":{"loc":{"start":{"line":4,"column":4},"end":{"line":4,"column":77}},"type":"if","locations":[{"start":{"line":4,"column":4},"end":{"line":4,"column":77}},{"start":{"line":4,"column":4},"end":{"line":4,"column":77}}],"line":4}},"s":{"0":2,"1":2,"2":2,"3":1,"4":1,"5":1,"6":1,"7":1,"8":0,"9":2},"f":{"0":2},"b":{"0":[1,1]},"_coverageSchema":"332fd63041d2c1bcb487cc26dd0d5f7d97098a6c","hash":"2200430d8f77c5f7ec076180e638f34155a929d2"}
,"F:\\vidlybackend\\genres.js\\middleware\\error.js": {"path":"F:\\vidlybackend\\genres.js\\middleware\\error.js","statementMap":{"0":{"start":{"line":1,"column":14},"end":{"line":1,"column":32}},"1":{"start":{"line":2,"column":0},"end":{"line":5,"column":1}},"2":{"start":{"line":3,"column":4},"end":{"line":3,"column":34}},"3":{"start":{"line":4,"column":4},"end":{"line":4,"column":46}}},"fnMap":{"0":{"name":"(anonymous_0)","decl":{"start":{"line":2,"column":15},"end":{"line":2,"column":16}},"loc":{"start":{"line":2,"column":41},"end":{"line":5,"column":1}},"line":2}},"branchMap":{},"s":{"0":1,"1":1,"2":0,"3":0},"f":{"0":0},"b":{},"_coverageSchema":"332fd63041d2c1bcb487cc26dd0d5f7d97098a6c","hash":"45bbc31341360c643cfcde2892fd36841724ace1"}
,"F:\\vidlybackend\\genres.js\\middleware\\validateObjectId.js": {"path":"F:\\vidlybackend\\genres.js\\middleware\\validateObjectId.js","statementMap":{"0":{"start":{"line":1,"column":15},"end":{"line":1,"column":34}},"1":{"start":{"line":2,"column":0},"end":{"line":6,"column":1}},"2":{"start":{"line":3,"column":4},"end":{"line":4,"column":48}},"3":{"start":{"line":4,"column":6},"end":{"line":4,"column":48}},"4":{"start":{"line":5,"column":6},"end":{"line":5,"column":12}}},"fnMap":{"0":{"name":"(anonymous_0)","decl":{"start":{"line":2,"column":15},"end":{"line":2,"column":16}},"loc":{"start":{"line":2,"column":37},"end":{"line":6,"column":1}},"line":2}},"branchMap":{"0":{"loc":{"start":{"line":3,"column":4},"end":{"line":4,"column":48}},"type":"if","locations":[{"start":{"line":3,"column":4},"end":{"line":4,"column":48}},{"start":{"line":3,"column":4},"end":{"line":4,"column":48}}],"line":3}},"s":{"0":1,"1":1,"2":0,"3":0,"4":0},"f":{"0":0},"b":{"0":[0,0]},"_coverageSchema":"332fd63041d2c1bcb487cc26dd0d5f7d97098a6c","hash":"d7ea6b96fe485abe11f68cfed5a97949d5351630"}
,"F:\\vidlybackend\\genres.js\\modules\\customer.js": {"path":"F:\\vidlybackend\\genres.js\\modules\\customer.js","statementMap":{"0":{"start":{"line":1,"column":15},"end":{"line":1,"column":34}},"1":{"start":{"line":2,"column":10},"end":{"line":2,"column":24}},"2":{"start":{"line":3,"column":21},"end":{"line":19,"column":2}},"3":{"start":{"line":20,"column":15},"end":{"line":20,"column":57}},"4":{"start":{"line":22,"column":17},"end":{"line":24,"column":25}},"5":{"start":{"line":25,"column":8},"end":{"line":25,"column":44}},"6":{"start":{"line":27,"column":4},"end":{"line":27,"column":30}},"7":{"start":{"line":28,"column":4},"end":{"line":28,"column":38}}},"fnMap":{"0":{"name":"validateCustomer","decl":{"start":{"line":21,"column":9},"end":{"line":21,"column":25}},"loc":{"start":{"line":21,"column":35},"end":{"line":26,"column":5}},"line":21}},"branchMap":{},"s":{"0":1,"1":1,"2":1,"3":1,"4":0,"5":0,"6":1,"7":1},"f":{"0":0},"b":{},"_coverageSchema":"332fd63041d2c1bcb487cc26dd0d5f7d97098a6c","hash":"f07fef0f207c4de189e02a7a36041d6996a63274"}
,"F:\\vidlybackend\\genres.js\\modules\\genres.js": {"path":"F:\\vidlybackend\\genres.js\\modules\\genres.js","statementMap":{"0":{"start":{"line":1,"column":10},"end":{"line":1,"column":24}},"1":{"start":{"line":2,"column":17},"end":{"line":2,"column":36}},"2":{"start":{"line":3,"column":18},"end":{"line":10,"column":2}},"3":{"start":{"line":11,"column":12},"end":{"line":11,"column":47}},"4":{"start":{"line":13,"column":17},"end":{"line":13,"column":62}},"5":{"start":{"line":15,"column":0},"end":{"line":15,"column":33}},"6":{"start":{"line":17,"column":0},"end":{"line":17,"column":20}},"7":{"start":{"line":18,"column":0},"end":{"line":18,"column":31}},"8":{"start":{"line":19,"column":0},"end":{"line":19,"column":32}}},"fnMap":{"0":{"name":"validateGenre","decl":{"start":{"line":12,"column":9},"end":{"line":12,"column":22}},"loc":{"start":{"line":12,"column":29},"end":{"line":16,"column":1}},"line":12}},"branchMap":{},"s":{"0":1,"1":1,"2":1,"3":1,"4":0,"5":0,"6":1,"7":1,"8":1},"f":{"0":0},"b":{},"_coverageSchema":"332fd63041d2c1bcb487cc26dd0d5f7d97098a6c","hash":"40be9579a31045316e134b464cc6ebe25b828e04"}
,"F:\\vidlybackend\\genres.js\\modules\\movie.js": {"path":"F:\\vidlybackend\\genres.js\\modules\\movie.js","statementMap":{"0":{"start":{"line":1,"column":15},"end":{"line":1,"column":34}},"1":{"start":{"line":2,"column":20},"end":{"line":2,"column":48}},"2":{"start":{"line":3,"column":10},"end":{"line":3,"column":24}},"3":{"start":{"line":4,"column":19},"end":{"line":27,"column":2}},"4":{"start":{"line":28,"column":12},"end":{"line":28,"column":48}},"5":{"start":{"line":45,"column":17},"end":{"line":49,"column":42}},"6":{"start":{"line":50,"column":8},"end":{"line":50,"column":41}},"7":{"start":{"line":52,"column":0},"end":{"line":52,"column":32}},"8":{"start":{"line":53,"column":0},"end":{"line":53,"column":20}}},"fnMap":{"0":{"name":"validateMovies","decl":{"start":{"line":44,"column":9},"end":{"line":44,"column":23}},"loc":{"start":{"line":44,"column":30},"end":{"line":51,"column":1}},"line":44}},"branchMap":{},"s":{"0":1,"1":1,"2":1,"3":1,"4":1,"5":0,"6":0,"7":1,"8":1},"f":{"0":0},"b":{},"_coverageSchema":"332fd63041d2c1bcb487cc26dd0d5f7d97098a6c","hash":"d923ec87661b0fca240dde3971618389014143b3"}
,"F:\\vidlybackend\\genres.js\\modules\\rentals.js": {"path":"F:\\vidlybackend\\genres.js\\modules\\rentals.js","statementMap":{"0":{"start":{"line":1,"column":10},"end":{"line":1,"column":24}},"1":{"start":{"line":2,"column":0},"end":{"line":2,"column":41}},"2":{"start":{"line":3,"column":15},"end":{"line":3,"column":34}},"3":{"start":{"line":5,"column":19},"end":{"line":55,"column":2}},"4":{"start":{"line":56,"column":13},"end":{"line":56,"column":50}},"5":{"start":{"line":59,"column":17},"end":{"line":62,"column":5}},"6":{"start":{"line":63,"column":2},"end":{"line":63,"column":37}},"7":{"start":{"line":65,"column":0},"end":{"line":65,"column":21}},"8":{"start":{"line":66,"column":0},"end":{"line":66,"column":32}}},"fnMap":{"0":{"name":"validateRental","decl":{"start":{"line":58,"column":9},"end":{"line":58,"column":23}},"loc":{"start":{"line":58,"column":31},"end":{"line":64,"column":1}},"line":58}},"branchMap":{},"s":{"0":1,"1":1,"2":1,"3":1,"4":1,"5":0,"6":0,"7":1,"8":1},"f":{"0":0},"b":{},"_coverageSchema":"332fd63041d2c1bcb487cc26dd0d5f7d97098a6c","hash":"068ebd24e4c198af362ffca41f9d8dd49a6531b1"}
,"F:\\vidlybackend\\genres.js\\modules\\users.js": {"path":"F:\\vidlybackend\\genres.js\\modules\\users.js","statementMap":{"0":{"start":{"line":1,"column":15},"end":{"line":1,"column":34}},"1":{"start":{"line":2,"column":10},"end":{"line":2,"column":24}},"2":{"start":{"line":3,"column":10},"end":{"line":3,"column":33}},"3":{"start":{"line":4,"column":18},"end":{"line":27,"column":2}},"4":{"start":{"line":28,"column":0},"end":{"line":31,"column":1}},"5":{"start":{"line":29,"column":12},"end":{"line":29,"column":72}},"6":{"start":{"line":30,"column":0},"end":{"line":30,"column":13}},"7":{"start":{"line":32,"column":11},"end":{"line":32,"column":44}},"8":{"start":{"line":34,"column":15},"end":{"line":38,"column":3}},"9":{"start":{"line":39,"column":3},"end":{"line":39,"column":35}},"10":{"start":{"line":41,"column":0},"end":{"line":41,"column":17}},"11":{"start":{"line":42,"column":0},"end":{"line":42,"column":30}}},"fnMap":{"0":{"name":"(anonymous_0)","decl":{"start":{"line":28,"column":37},"end":{"line":28,"column":38}},"loc":{"start":{"line":28,"column":47},"end":{"line":31,"column":1}},"line":28},"1":{"name":"validateUser","decl":{"start":{"line":33,"column":9},"end":{"line":33,"column":21}},"loc":{"start":{"line":33,"column":27},"end":{"line":40,"column":3}},"line":33}},"branchMap":{},"s":{"0":3,"1":3,"2":3,"3":3,"4":3,"5":2,"6":2,"7":3,"8":0,"9":0,"10":3,"11":3},"f":{"0":2,"1":0},"b":{},"_coverageSchema":"332fd63041d2c1bcb487cc26dd0d5f7d97098a6c","hash":"5c0a2432ca5bb3acd52502c623e46dd50e36d186"}
,"F:\\vidlybackend\\genres.js\\routes\\auth.js": {"path":"F:\\vidlybackend\\genres.js\\routes\\auth.js","statementMap":{"0":{"start":{"line":1,"column":8},"end":{"line":1,"column":25}},"1":{"start":{"line":2,"column":10},"end":{"line":2,"column":33}},"2":{"start":{"line":3,"column":13},"end":{"line":3,"column":30}},"3":{"start":{"line":4,"column":10},"end":{"line":4,"column":24}},"4":{"start":{"line":5,"column":13},"end":{"line":5,"column":40}},"5":{"start":{"line":6,"column":14},"end":{"line":6,"column":32}},"6":{"start":{"line":7,"column":13},"end":{"line":7,"column":30}},"7":{"start":{"line":8,"column":11},"end":{"line":8,"column":40}},"8":{"start":{"line":9,"column":12},"end":{"line":9,"column":28}},"9":{"start":{"line":10,"column":0},"end":{"line":19,"column":2}},"10":{"start":{"line":11,"column":16},"end":{"line":11,"column":38}},"11":{"start":{"line":12,"column":2},"end":{"line":12,"column":65}},"12":{"start":{"line":12,"column":12},"end":{"line":12,"column":65}},"13":{"start":{"line":13,"column":9},"end":{"line":13,"column":51}},"14":{"start":{"line":14,"column":0},"end":{"line":14,"column":50}},"15":{"start":{"line":14,"column":10},"end":{"line":14,"column":50}},"16":{"start":{"line":15,"column":21},"end":{"line":15,"column":74}},"17":{"start":{"line":16,"column":4},"end":{"line":16,"column":70}},"18":{"start":{"line":16,"column":23},"end":{"line":16,"column":70}},"19":{"start":{"line":17,"column":12},"end":{"line":17,"column":36}},"20":{"start":{"line":18,"column":1},"end":{"line":18,"column":17}},"21":{"start":{"line":21,"column":17},"end":{"line":24,"column":6}},"22":{"start":{"line":25,"column":3},"end":{"line":25,"column":36}},"23":{"start":{"line":27,"column":0},"end":{"line":27,"column":21}}},"fnMap":{"0":{"name":"(anonymous_0)","decl":{"start":{"line":10,"column":15},"end":{"line":10,"column":16}},"loc":{"start":{"line":10,"column":31},"end":{"line":19,"column":1}},"line":10},"1":{"name":"validateAuth","decl":{"start":{"line":20,"column":9},"end":{"line":20,"column":21}},"loc":{"start":{"line":20,"column":27},"end":{"line":26,"column":1}},"line":20}},"branchMap":{"0":{"loc":{"start":{"line":12,"column":2},"end":{"line":12,"column":65}},"type":"if","locations":[{"start":{"line":12,"column":2},"end":{"line":12,"column":65}},{"start":{"line":12,"column":2},"end":{"line":12,"column":65}}],"line":12},"1":{"loc":{"start":{"line":14,"column":0},"end":{"line":14,"column":50}},"type":"if","locations":[{"start":{"line":14,"column":0},"end":{"line":14,"column":50}},{"start":{"line":14,"column":0},"end":{"line":14,"column":50}}],"line":14},"2":{"loc":{"start":{"line":16,"column":4},"end":{"line":16,"column":70}},"type":"if","locations":[{"start":{"line":16,"column":4},"end":{"line":16,"column":70}},{"start":{"line":16,"column":4},"end":{"line":16,"column":70}}],"line":16}},"s":{"0":1,"1":1,"2":1,"3":1,"4":1,"5":1,"6":1,"7":1,"8":1,"9":1,"10":0,"11":0,"12":0,"13":0,"14":0,"15":0,"16":0,"17":0,"18":0,"19":0,"20":0,"21":0,"22":0,"23":1},"f":{"0":0,"1":0},"b":{"0":[0,0],"1":[0,0],"2":[0,0]},"_coverageSchema":"332fd63041d2c1bcb487cc26dd0d5f7d97098a6c","hash":"0d60c82a14f942b1f4c9bc375c70f87ab2b5ec01"}
,"F:\\vidlybackend\\genres.js\\routes\\customers.js": {"path":"F:\\vidlybackend\\genres.js\\routes\\customers.js","statementMap":{"0":{"start":{"line":1,"column":26},"end":{"line":1,"column":56}},"1":{"start":{"line":2,"column":14},"end":{"line":2,"column":32}},"2":{"start":{"line":3,"column":13},"end":{"line":3,"column":29}},"3":{"start":{"line":11,"column":0},"end":{"line":14,"column":2}},"4":{"start":{"line":12,"column":17},"end":{"line":12,"column":51}},"5":{"start":{"line":13,"column":4},"end":{"line":13,"column":20}},"6":{"start":{"line":15,"column":0},"end":{"line":19,"column":2}},"7":{"start":{"line":16,"column":19},"end":{"line":16,"column":57}},"8":{"start":{"line":18,"column":4},"end":{"line":18,"column":22}},"9":{"start":{"line":20,"column":0},"end":{"line":34,"column":2}},"10":{"start":{"line":21,"column":15},"end":{"line":21,"column":33}},"11":{"start":{"line":22,"column":16},"end":{"line":22,"column":34}},"12":{"start":{"line":23,"column":2},"end":{"line":24,"column":59}},"13":{"start":{"line":24,"column":6},"end":{"line":24,"column":59}},"14":{"start":{"line":25,"column":19},"end":{"line":28,"column":34}},"15":{"start":{"line":29,"column":6},"end":{"line":29,"column":36}},"16":{"start":{"line":30,"column":6},"end":{"line":30,"column":24}},"17":{"start":{"line":31,"column":0},"end":{"line":33,"column":5}},"18":{"start":{"line":32,"column":8},"end":{"line":32,"column":72}},"19":{"start":{"line":35,"column":0},"end":{"line":43,"column":2}},"20":{"start":{"line":36,"column":18},"end":{"line":36,"column":36}},"21":{"start":{"line":37,"column":4},"end":{"line":38,"column":61}},"22":{"start":{"line":38,"column":8},"end":{"line":38,"column":61}},"23":{"start":{"line":39,"column":19},"end":{"line":39,"column":142}},"24":{"start":{"line":40,"column":4},"end":{"line":41,"column":71}},"25":{"start":{"line":41,"column":4},"end":{"line":41,"column":71}},"26":{"start":{"line":42,"column":0},"end":{"line":42,"column":18}},"27":{"start":{"line":44,"column":0},"end":{"line":49,"column":2}},"28":{"start":{"line":45,"column":15},"end":{"line":45,"column":62}},"29":{"start":{"line":46,"column":0},"end":{"line":47,"column":60}},"30":{"start":{"line":47,"column":0},"end":{"line":47,"column":60}},"31":{"start":{"line":48,"column":0},"end":{"line":48,"column":18}},"32":{"start":{"line":62,"column":0},"end":{"line":62,"column":22}}},"fnMap":{"0":{"name":"(anonymous_0)","decl":{"start":{"line":11,"column":15},"end":{"line":11,"column":16}},"loc":{"start":{"line":11,"column":31},"end":{"line":14,"column":1}},"line":11},"1":{"name":"(anonymous_1)","decl":{"start":{"line":15,"column":18},"end":{"line":15,"column":19}},"loc":{"start":{"line":15,"column":34},"end":{"line":19,"column":1}},"line":15},"2":{"name":"(anonymous_2)","decl":{"start":{"line":20,"column":16},"end":{"line":20,"column":17}},"loc":{"start":{"line":20,"column":32},"end":{"line":34,"column":1}},"line":20},"3":{"name":"(anonymous_3)","decl":{"start":{"line":35,"column":18},"end":{"line":35,"column":19}},"loc":{"start":{"line":35,"column":35},"end":{"line":43,"column":1}},"line":35},"4":{"name":"(anonymous_4)","decl":{"start":{"line":44,"column":21},"end":{"line":44,"column":22}},"loc":{"start":{"line":44,"column":38},"end":{"line":49,"column":1}},"line":44}},"branchMap":{"0":{"loc":{"start":{"line":23,"column":2},"end":{"line":24,"column":59}},"type":"if","locations":[{"start":{"line":23,"column":2},"end":{"line":24,"column":59}},{"start":{"line":23,"column":2},"end":{"line":24,"column":59}}],"line":23},"1":{"loc":{"start":{"line":31,"column":0},"end":{"line":33,"column":5}},"type":"if","locations":[{"start":{"line":31,"column":0},"end":{"line":33,"column":5}},{"start":{"line":31,"column":0},"end":{"line":33,"column":5}}],"line":31},"2":{"loc":{"start":{"line":37,"column":4},"end":{"line":38,"column":61}},"type":"if","locations":[{"start":{"line":37,"column":4},"end":{"line":38,"column":61}},{"start":{"line":37,"column":4},"end":{"line":38,"column":61}}],"line":37},"3":{"loc":{"start":{"line":40,"column":4},"end":{"line":41,"column":71}},"type":"if","locations":[{"start":{"line":40,"column":4},"end":{"line":41,"column":71}},{"start":{"line":40,"column":4},"end":{"line":41,"column":71}}],"line":40},"4":{"loc":{"start":{"line":46,"column":0},"end":{"line":47,"column":60}},"type":"if","locations":[{"start":{"line":46,"column":0},"end":{"line":47,"column":60}},{"start":{"line":46,"column":0},"end":{"line":47,"column":60}}],"line":46}},"s":{"0":1,"1":1,"2":1,"3":1,"4":0,"5":0,"6":1,"7":0,"8":0,"9":1,"10":0,"11":0,"12":0,"13":0,"14":0,"15":0,"16":0,"17":0,"18":0,"19":1,"20":0,"21":0,"22":0,"23":0,"24":0,"25":0,"26":0,"27":1,"28":0,"29":0,"30":0,"31":0,"32":1},"f":{"0":0,"1":0,"2":0,"3":0,"4":0},"b":{"0":[0,0],"1":[0,0],"2":[0,0],"3":[0,0],"4":[0,0]},"_coverageSchema":"332fd63041d2c1bcb487cc26dd0d5f7d97098a6c","hash":"bde4defb4c2168b4030d8c000d2f4720c5490e58"}
,"F:\\vidlybackend\\genres.js\\routes\\genre.js": {"path":"F:\\vidlybackend\\genres.js\\routes\\genre.js","statementMap":{"0":{"start":{"line":1,"column":23},"end":{"line":1,"column":51}},"1":{"start":{"line":2,"column":14},"end":{"line":2,"column":32}},"2":{"start":{"line":3,"column":13},"end":{"line":3,"column":29}},"3":{"start":{"line":4,"column":11},"end":{"line":4,"column":40}},"4":{"start":{"line":5,"column":12},"end":{"line":5,"column":42}},"5":{"start":{"line":6,"column":23},"end":{"line":6,"column":64}},"6":{"start":{"line":14,"column":0},"end":{"line":19,"column":4}},"7":{"start":{"line":16,"column":16},"end":{"line":16,"column":47}},"8":{"start":{"line":17,"column":4},"end":{"line":17,"column":31}},"9":{"start":{"line":20,"column":4},"end":{"line":26,"column":6}},"10":{"start":{"line":22,"column":19},"end":{"line":22,"column":54}},"11":{"start":{"line":23,"column":8},"end":{"line":24,"column":76}},"12":{"start":{"line":24,"column":8},"end":{"line":24,"column":76}},"13":{"start":{"line":25,"column":6},"end":{"line":25,"column":21}},"14":{"start":{"line":27,"column":3},"end":{"line":34,"column":6}},"15":{"start":{"line":28,"column":20},"end":{"line":28,"column":38}},"16":{"start":{"line":29,"column":8},"end":{"line":30,"column":61}},"17":{"start":{"line":30,"column":8},"end":{"line":30,"column":61}},"18":{"start":{"line":31,"column":19},"end":{"line":31,"column":50}},"19":{"start":{"line":32,"column":8},"end":{"line":32,"column":33}},"20":{"start":{"line":33,"column":6},"end":{"line":33,"column":21}},"21":{"start":{"line":35,"column":3},"end":{"line":43,"column":6}},"22":{"start":{"line":36,"column":18},"end":{"line":36,"column":36}},"23":{"start":{"line":37,"column":6},"end":{"line":38,"column":59}},"24":{"start":{"line":38,"column":6},"end":{"line":38,"column":59}},"25":{"start":{"line":39,"column":16},"end":{"line":39,"column":92}},"26":{"start":{"line":40,"column":8},"end":{"line":41,"column":76}},"27":{"start":{"line":41,"column":8},"end":{"line":41,"column":76}},"28":{"start":{"line":42,"column":6},"end":{"line":42,"column":21}},"29":{"start":{"line":44,"column":3},"end":{"line":49,"column":6}},"30":{"start":{"line":45,"column":19},"end":{"line":45,"column":63}},"31":{"start":{"line":46,"column":8},"end":{"line":47,"column":75}},"32":{"start":{"line":47,"column":8},"end":{"line":47,"column":75}},"33":{"start":{"line":48,"column":7},"end":{"line":48,"column":22}},"34":{"start":{"line":51,"column":4},"end":{"line":51,"column":26}}},"fnMap":{"0":{"name":"(anonymous_0)","decl":{"start":{"line":14,"column":15},"end":{"line":14,"column":16}},"loc":{"start":{"line":14,"column":31},"end":{"line":19,"column":3}},"line":14},"1":{"name":"(anonymous_1)","decl":{"start":{"line":20,"column":39},"end":{"line":20,"column":40}},"loc":{"start":{"line":20,"column":55},"end":{"line":26,"column":5}},"line":20},"2":{"name":"(anonymous_2)","decl":{"start":{"line":27,"column":24},"end":{"line":27,"column":25}},"loc":{"start":{"line":27,"column":40},"end":{"line":34,"column":5}},"line":27},"3":{"name":"(anonymous_3)","decl":{"start":{"line":35,"column":21},"end":{"line":35,"column":22}},"loc":{"start":{"line":35,"column":37},"end":{"line":43,"column":5}},"line":35},"4":{"name":"(anonymous_4)","decl":{"start":{"line":44,"column":37},"end":{"line":44,"column":38}},"loc":{"start":{"line":44,"column":53},"end":{"line":49,"column":5}},"line":44}},"branchMap":{"0":{"loc":{"start":{"line":23,"column":8},"end":{"line":24,"column":76}},"type":"if","locations":[{"start":{"line":23,"column":8},"end":{"line":24,"column":76}},{"start":{"line":23,"column":8},"end":{"line":24,"column":76}}],"line":23},"1":{"loc":{"start":{"line":29,"column":8},"end":{"line":30,"column":61}},"type":"if","locations":[{"start":{"line":29,"column":8},"end":{"line":30,"column":61}},{"start":{"line":29,"column":8},"end":{"line":30,"column":61}}],"line":29},"2":{"loc":{"start":{"line":37,"column":6},"end":{"line":38,"column":59}},"type":"if","locations":[{"start":{"line":37,"column":6},"end":{"line":38,"column":59}},{"start":{"line":37,"column":6},"end":{"line":38,"column":59}}],"line":37},"3":{"loc":{"start":{"line":40,"column":8},"end":{"line":41,"column":76}},"type":"if","locations":[{"start":{"line":40,"column":8},"end":{"line":41,"column":76}},{"start":{"line":40,"column":8},"end":{"line":41,"column":76}}],"line":40},"4":{"loc":{"start":{"line":46,"column":8},"end":{"line":47,"column":75}},"type":"if","locations":[{"start":{"line":46,"column":8},"end":{"line":47,"column":75}},{"start":{"line":46,"column":8},"end":{"line":47,"column":75}}],"line":46}},"s":{"0":1,"1":1,"2":1,"3":1,"4":1,"5":1,"6":1,"7":0,"8":0,"9":1,"10":0,"11":0,"12":0,"13":0,"14":1,"15":0,"16":0,"17":0,"18":0,"19":0,"20":0,"21":1,"22":0,"23":0,"24":0,"25":0,"26":0,"27":0,"28":0,"29":1,"30":0,"31":0,"32":0,"33":0,"34":1},"f":{"0":0,"1":0,"2":0,"3":0,"4":0},"b":{"0":[0,0],"1":[0,0],"2":[0,0],"3":[0,0],"4":[0,0]},"_coverageSchema":"332fd63041d2c1bcb487cc26dd0d5f7d97098a6c","hash":"b79d466a37a10e514bd9ac2f8e8fba6efb5aa0e3"}
,"F:\\vidlybackend\\genres.js\\routes\\movies.js": {"path":"F:\\vidlybackend\\genres.js\\routes\\movies.js","statementMap":{"0":{"start":{"line":1,"column":23},"end":{"line":1,"column":50}},"1":{"start":{"line":2,"column":14},"end":{"line":2,"column":32}},"2":{"start":{"line":3,"column":18},"end":{"line":3,"column":46}},"3":{"start":{"line":4,"column":13},"end":{"line":4,"column":29}},"4":{"start":{"line":5,"column":11},"end":{"line":5,"column":40}},"5":{"start":{"line":6,"column":0},"end":{"line":9,"column":2}},"6":{"start":{"line":7,"column":16},"end":{"line":7,"column":34}},"7":{"start":{"line":8,"column":4},"end":{"line":8,"column":19}},"8":{"start":{"line":10,"column":0},"end":{"line":15,"column":2}},"9":{"start":{"line":11,"column":14},"end":{"line":11,"column":50}},"10":{"start":{"line":12,"column":2},"end":{"line":13,"column":62}},"11":{"start":{"line":13,"column":2},"end":{"line":13,"column":62}},"12":{"start":{"line":14,"column":2},"end":{"line":14,"column":17}},"13":{"start":{"line":16,"column":0},"end":{"line":33,"column":2}},"14":{"start":{"line":17,"column":18},"end":{"line":17,"column":36}},"15":{"start":{"line":18,"column":4},"end":{"line":18,"column":67}},"16":{"start":{"line":18,"column":14},"end":{"line":18,"column":67}},"17":{"start":{"line":19,"column":16},"end":{"line":19,"column":54}},"18":{"start":{"line":20,"column":4},"end":{"line":20,"column":78}},"19":{"start":{"line":20,"column":14},"end":{"line":20,"column":78}},"20":{"start":{"line":21,"column":14},"end":{"line":29,"column":3}},"21":{"start":{"line":31,"column":0},"end":{"line":31,"column":25}},"22":{"start":{"line":32,"column":0},"end":{"line":32,"column":15}},"23":{"start":{"line":34,"column":0},"end":{"line":51,"column":2}},"24":{"start":{"line":35,"column":16},"end":{"line":35,"column":54}},"25":{"start":{"line":36,"column":18},"end":{"line":36,"column":36}},"26":{"start":{"line":37,"column":4},"end":{"line":37,"column":67}},"27":{"start":{"line":37,"column":14},"end":{"line":37,"column":67}},"28":{"start":{"line":39,"column":4},"end":{"line":39,"column":82}},"29":{"start":{"line":39,"column":15},"end":{"line":39,"column":82}},"30":{"start":{"line":40,"column":13},"end":{"line":48,"column":17}},"31":{"start":{"line":49,"column":4},"end":{"line":49,"column":72}},"32":{"start":{"line":49,"column":15},"end":{"line":49,"column":72}},"33":{"start":{"line":50,"column":4},"end":{"line":50,"column":19}},"34":{"start":{"line":52,"column":0},"end":{"line":57,"column":2}},"35":{"start":{"line":53,"column":16},"end":{"line":53,"column":60}},"36":{"start":{"line":54,"column":3},"end":{"line":54,"column":18}},"37":{"start":{"line":55,"column":3},"end":{"line":55,"column":74}},"38":{"start":{"line":55,"column":14},"end":{"line":55,"column":74}},"39":{"start":{"line":59,"column":0},"end":{"line":59,"column":22}}},"fnMap":{"0":{"name":"(anonymous_0)","decl":{"start":{"line":6,"column":15},"end":{"line":6,"column":16}},"loc":{"start":{"line":6,"column":31},"end":{"line":9,"column":1}},"line":6},"1":{"name":"(anonymous_1)","decl":{"start":{"line":10,"column":18},"end":{"line":10,"column":19}},"loc":{"start":{"line":10,"column":34},"end":{"line":15,"column":1}},"line":10},"2":{"name":"(anonymous_2)","decl":{"start":{"line":16,"column":21},"end":{"line":16,"column":22}},"loc":{"start":{"line":16,"column":37},"end":{"line":33,"column":1}},"line":16},"3":{"name":"(anonymous_3)","decl":{"start":{"line":34,"column":18},"end":{"line":34,"column":19}},"loc":{"start":{"line":34,"column":34},"end":{"line":51,"column":1}},"line":34},"4":{"name":"(anonymous_4)","decl":{"start":{"line":52,"column":21},"end":{"line":52,"column":22}},"loc":{"start":{"line":52,"column":37},"end":{"line":57,"column":1}},"line":52}},"branchMap":{"0":{"loc":{"start":{"line":12,"column":2},"end":{"line":13,"column":62}},"type":"if","locations":[{"start":{"line":12,"column":2},"end":{"line":13,"column":62}},{"start":{"line":12,"column":2},"end":{"line":13,"column":62}}],"line":12},"1":{"loc":{"start":{"line":18,"column":4},"end":{"line":18,"column":67}},"type":"if","locations":[{"start":{"line":18,"column":4},"end":{"line":18,"column":67}},{"start":{"line":18,"column":4},"end":{"line":18,"column":67}}],"line":18},"2":{"loc":{"start":{"line":20,"column":4},"end":{"line":20,"column":78}},"type":"if","locations":[{"start":{"line":20,"column":4},"end":{"line":20,"column":78}},{"start":{"line":20,"column":4},"end":{"line":20,"column":78}}],"line":20},"3":{"loc":{"start":{"line":37,"column":4},"end":{"line":37,"column":67}},"type":"if","locations":[{"start":{"line":37,"column":4},"end":{"line":37,"column":67}},{"start":{"line":37,"column":4},"end":{"line":37,"column":67}}],"line":37},"4":{"loc":{"start":{"line":39,"column":4},"end":{"line":39,"column":82}},"type":"if","locations":[{"start":{"line":39,"column":4},"end":{"line":39,"column":82}},{"start":{"line":39,"column":4},"end":{"line":39,"column":82}}],"line":39},"5":{"loc":{"start":{"line":49,"column":4},"end":{"line":49,"column":72}},"type":"if","locations":[{"start":{"line":49,"column":4},"end":{"line":49,"column":72}},{"start":{"line":49,"column":4},"end":{"line":49,"column":72}}],"line":49},"6":{"loc":{"start":{"line":55,"column":3},"end":{"line":55,"column":74}},"type":"if","locations":[{"start":{"line":55,"column":3},"end":{"line":55,"column":74}},{"start":{"line":55,"column":3},"end":{"line":55,"column":74}}],"line":55}},"s":{"0":1,"1":1,"2":1,"3":1,"4":1,"5":1,"6":0,"7":0,"8":1,"9":0,"10":0,"11":0,"12":0,"13":1,"14":0,"15":0,"16":0,"17":0,"18":0,"19":0,"20":0,"21":0,"22":0,"23":1,"24":0,"25":0,"26":0,"27":0,"28":0,"29":0,"30":0,"31":0,"32":0,"33":0,"34":1,"35":0,"36":0,"37":0,"38":0,"39":1},"f":{"0":0,"1":0,"2":0,"3":0,"4":0},"b":{"0":[0,0],"1":[0,0],"2":[0,0],"3":[0,0],"4":[0,0],"5":[0,0],"6":[0,0]},"_coverageSchema":"332fd63041d2c1bcb487cc26dd0d5f7d97098a6c","hash":"88d16d5e15a8bcfcd9fbb830fe9d7ca8aa608f1f"}
,"F:\\vidlybackend\\genres.js\\routes\\rental.js": {"path":"F:\\vidlybackend\\genres.js\\routes\\rental.js","statementMap":{"0":{"start":{"line":1,"column":24},"end":{"line":1,"column":53}},"1":{"start":{"line":2,"column":14},"end":{"line":2,"column":32}},"2":{"start":{"line":3,"column":13},"end":{"line":3,"column":29}},"3":{"start":{"line":4,"column":14},"end":{"line":4,"column":41}},"4":{"start":{"line":5,"column":17},"end":{"line":5,"column":47}},"5":{"start":{"line":6,"column":11},"end":{"line":6,"column":40}},"6":{"start":{"line":7,"column":19},"end":{"line":7,"column":37}},"7":{"start":{"line":8,"column":11},"end":{"line":8,"column":26}},"8":{"start":{"line":9,"column":17},"end":{"line":9,"column":36}},"9":{"start":{"line":10,"column":0},"end":{"line":10,"column":19}},"10":{"start":{"line":12,"column":0},"end":{"line":15,"column":2}},"11":{"start":{"line":13,"column":13},"end":{"line":13,"column":32}},"12":{"start":{"line":14,"column":0},"end":{"line":14,"column":16}},"13":{"start":{"line":16,"column":0},"end":{"line":20,"column":2}},"14":{"start":{"line":17,"column":17},"end":{"line":17,"column":53}},"15":{"start":{"line":18,"column":4},"end":{"line":18,"column":76}},"16":{"start":{"line":18,"column":16},"end":{"line":18,"column":76}},"17":{"start":{"line":19,"column":4},"end":{"line":19,"column":20}},"18":{"start":{"line":21,"column":0},"end":{"line":53,"column":2}},"19":{"start":{"line":22,"column":18},"end":{"line":22,"column":36}},"20":{"start":{"line":23,"column":4},"end":{"line":23,"column":67}},"21":{"start":{"line":23,"column":14},"end":{"line":23,"column":67}},"22":{"start":{"line":24,"column":18},"end":{"line":24,"column":62}},"23":{"start":{"line":25,"column":3},"end":{"line":25,"column":64}},"24":{"start":{"line":25,"column":17},"end":{"line":25,"column":64}},"25":{"start":{"line":26,"column":15},"end":{"line":26,"column":53}},"26":{"start":{"line":27,"column":3},"end":{"line":27,"column":58}},"27":{"start":{"line":27,"column":14},"end":{"line":27,"column":58}},"28":{"start":{"line":28,"column":3},"end":{"line":28,"column":82}},"29":{"start":{"line":28,"column":33},"end":{"line":28,"column":82}},"30":{"start":{"line":29,"column":14},"end":{"line":40,"column":5}},"31":{"start":{"line":41,"column":2},"end":{"line":50,"column":3}},"32":{"start":{"line":42,"column":6},"end":{"line":45,"column":14}},"33":{"start":{"line":46,"column":8},"end":{"line":46,"column":24}},"34":{"start":{"line":49,"column":4},"end":{"line":49,"column":44}},"35":{"start":{"line":54,"column":0},"end":{"line":54,"column":22}}},"fnMap":{"0":{"name":"(anonymous_0)","decl":{"start":{"line":12,"column":15},"end":{"line":12,"column":16}},"loc":{"start":{"line":12,"column":31},"end":{"line":15,"column":1}},"line":12},"1":{"name":"(anonymous_1)","decl":{"start":{"line":16,"column":18},"end":{"line":16,"column":19}},"loc":{"start":{"line":16,"column":34},"end":{"line":20,"column":1}},"line":16},"2":{"name":"(anonymous_2)","decl":{"start":{"line":21,"column":21},"end":{"line":21,"column":22}},"loc":{"start":{"line":21,"column":37},"end":{"line":53,"column":1}},"line":21}},"branchMap":{"0":{"loc":{"start":{"line":18,"column":4},"end":{"line":18,"column":76}},"type":"if","locations":[{"start":{"line":18,"column":4},"end":{"line":18,"column":76}},{"start":{"line":18,"column":4},"end":{"line":18,"column":76}}],"line":18},"1":{"loc":{"start":{"line":23,"column":4},"end":{"line":23,"column":67}},"type":"if","locations":[{"start":{"line":23,"column":4},"end":{"line":23,"column":67}},{"start":{"line":23,"column":4},"end":{"line":23,"column":67}}],"line":23},"2":{"loc":{"start":{"line":25,"column":3},"end":{"line":25,"column":64}},"type":"if","locations":[{"start":{"line":25,"column":3},"end":{"line":25,"column":64}},{"start":{"line":25,"column":3},"end":{"line":25,"column":64}}],"line":25},"3":{"loc":{"start":{"line":27,"column":3},"end":{"line":27,"column":58}},"type":"if","locations":[{"start":{"line":27,"column":3},"end":{"line":27,"column":58}},{"start":{"line":27,"column":3},"end":{"line":27,"column":58}}],"line":27},"4":{"loc":{"start":{"line":28,"column":3},"end":{"line":28,"column":82}},"type":"if","locations":[{"start":{"line":28,"column":3},"end":{"line":28,"column":82}},{"start":{"line":28,"column":3},"end":{"line":28,"column":82}}],"line":28}},"s":{"0":1,"1":1,"2":1,"3":1,"4":1,"5":1,"6":1,"7":1,"8":1,"9":1,"10":1,"11":0,"12":0,"13":1,"14":0,"15":0,"16":0,"17":0,"18":1,"19":0,"20":0,"21":0,"22":0,"23":0,"24":0,"25":0,"26":0,"27":0,"28":0,"29":0,"30":0,"31":0,"32":0,"33":0,"34":0,"35":1},"f":{"0":0,"1":0,"2":0},"b":{"0":[0,0],"1":[0,0],"2":[0,0],"3":[0,0],"4":[0,0]},"_coverageSchema":"332fd63041d2c1bcb487cc26dd0d5f7d97098a6c","hash":"42575a4de3ca028ce44c5fc0aaccfc742a2b5523"}
,"F:\\vidlybackend\\genres.js\\routes\\user.js": {"path":"F:\\vidlybackend\\genres.js\\routes\\user.js","statementMap":{"0":{"start":{"line":1,"column":8},"end":{"line":1,"column":25}},"1":{"start":{"line":2,"column":13},"end":{"line":2,"column":30}},"2":{"start":{"line":3,"column":22},"end":{"line":3,"column":49}},"3":{"start":{"line":4,"column":14},"end":{"line":4,"column":32}},"4":{"start":{"line":5,"column":12},"end":{"line":5,"column":28}},"5":{"start":{"line":6,"column":10},"end":{"line":6,"column":33}},"6":{"start":{"line":7,"column":11},"end":{"line":7,"column":40}},"7":{"start":{"line":8,"column":0},"end":{"line":11,"column":2}},"8":{"start":{"line":9,"column":13},"end":{"line":9,"column":66}},"9":{"start":{"line":10,"column":1},"end":{"line":10,"column":15}},"10":{"start":{"line":12,"column":0},"end":{"line":15,"column":2}},"11":{"start":{"line":13,"column":12},"end":{"line":13,"column":29}},"12":{"start":{"line":14,"column":0},"end":{"line":14,"column":14}},"13":{"start":{"line":16,"column":0},"end":{"line":32,"column":2}},"14":{"start":{"line":17,"column":18},"end":{"line":17,"column":36}},"15":{"start":{"line":18,"column":4},"end":{"line":18,"column":67}},"16":{"start":{"line":18,"column":14},"end":{"line":18,"column":67}},"17":{"start":{"line":19,"column":12},"end":{"line":19,"column":54}},"18":{"start":{"line":20,"column":3},"end":{"line":20,"column":71}},"19":{"start":{"line":20,"column":12},"end":{"line":20,"column":71}},"20":{"start":{"line":26,"column":4},"end":{"line":26,"column":64}},"21":{"start":{"line":27,"column":15},"end":{"line":27,"column":39}},"22":{"start":{"line":28,"column":4},"end":{"line":28,"column":55}},"23":{"start":{"line":29,"column":2},"end":{"line":29,"column":20}},"24":{"start":{"line":30,"column":14},"end":{"line":30,"column":38}},"25":{"start":{"line":31,"column":2},"end":{"line":31,"column":76}},"26":{"start":{"line":34,"column":0},"end":{"line":34,"column":21}}},"fnMap":{"0":{"name":"(anonymous_0)","decl":{"start":{"line":8,"column":21},"end":{"line":8,"column":22}},"loc":{"start":{"line":8,"column":37},"end":{"line":11,"column":1}},"line":8},"1":{"name":"(anonymous_1)","decl":{"start":{"line":12,"column":14},"end":{"line":12,"column":15}},"loc":{"start":{"line":12,"column":30},"end":{"line":15,"column":1}},"line":12},"2":{"name":"(anonymous_2)","decl":{"start":{"line":16,"column":15},"end":{"line":16,"column":16}},"loc":{"start":{"line":16,"column":31},"end":{"line":32,"column":1}},"line":16}},"branchMap":{"0":{"loc":{"start":{"line":18,"column":4},"end":{"line":18,"column":67}},"type":"if","locations":[{"start":{"line":18,"column":4},"end":{"line":18,"column":67}},{"start":{"line":18,"column":4},"end":{"line":18,"column":67}}],"line":18},"1":{"loc":{"start":{"line":20,"column":3},"end":{"line":20,"column":71}},"type":"if","locations":[{"start":{"line":20,"column":3},"end":{"line":20,"column":71}},{"start":{"line":20,"column":3},"end":{"line":20,"column":71}}],"line":20}},"s":{"0":1,"1":1,"2":1,"3":1,"4":1,"5":1,"6":1,"7":1,"8":0,"9":0,"10":1,"11":0,"12":0,"13":1,"14":0,"15":0,"16":0,"17":0,"18":0,"19":0,"20":0,"21":0,"22":0,"23":0,"24":0,"25":0,"26":1},"f":{"0":0,"1":0,"2":0},"b":{"0":[0,0],"1":[0,0]},"_coverageSchema":"332fd63041d2c1bcb487cc26dd0d5f7d97098a6c","hash":"03a816eb49409898cc378aad22ab800b5aad668b"}
,"F:\\vidlybackend\\genres.js\\startup\\db.js": {"path":"F:\\vidlybackend\\genres.js\\startup\\db.js","statementMap":{"0":{"start":{"line":1,"column":15},"end":{"line":1,"column":34}},"1":{"start":{"line":2,"column":13},"end":{"line":2,"column":46}},"2":{"start":{"line":9,"column":14},"end":{"line":9,"column":32}},"3":{"start":{"line":10,"column":0},"end":{"line":14,"column":1}},"4":{"start":{"line":12,"column":4},"end":{"line":13,"column":43}},"5":{"start":{"line":13,"column":10},"end":{"line":13,"column":42}}},"fnMap":{"0":{"name":"(anonymous_0)","decl":{"start":{"line":10,"column":15},"end":{"line":10,"column":16}},"loc":{"start":{"line":10,"column":25},"end":{"line":14,"column":1}},"line":10},"1":{"name":"(anonymous_1)","decl":{"start":{"line":13,"column":6},"end":{"line":13,"column":7}},"loc":{"start":{"line":13,"column":10},"end":{"line":13,"column":42}},"line":13}},"branchMap":{},"s":{"0":1,"1":1,"2":1,"3":1,"4":1,"5":1},"f":{"0":1,"1":1},"b":{},"_coverageSchema":"332fd63041d2c1bcb487cc26dd0d5f7d97098a6c","hash":"1b4083bc6c99b0fee1f18d44cdc074890ef7fc47"}
,"F:\\vidlybackend\\genres.js\\startup\\logging.js": {"path":"F:\\vidlybackend\\genres.js\\startup\\logging.js","statementMap":{"0":{"start":{"line":1,"column":14},"end":{"line":1,"column":32}},"1":{"start":{"line":2,"column":0},"end":{"line":2,"column":26}},"2":{"start":{"line":3,"column":0},"end":{"line":3,"column":31}},"3":{"start":{"line":4,"column":0},"end":{"line":23,"column":1}},"4":{"start":{"line":5,"column":4},"end":{"line":9,"column":6}},"5":{"start":{"line":6,"column":8},"end":{"line":6,"column":51}},"6":{"start":{"line":7,"column":8},"end":{"line":7,"column":36}},"7":{"start":{"line":8,"column":8},"end":{"line":8,"column":23}},"8":{"start":{"line":10,"column":4},"end":{"line":14,"column":6}},"9":{"start":{"line":11,"column":8},"end":{"line":11,"column":49}},"10":{"start":{"line":12,"column":8},"end":{"line":12,"column":36}},"11":{"start":{"line":13,"column":8},"end":{"line":13,"column":23}},"12":{"start":{"line":15,"column":4},"end":{"line":15,"column":65}},"13":{"start":{"line":17,"column":4},"end":{"line":17,"column":80}}},"fnMap":{"0":{"name":"(anonymous_0)","decl":{"start":{"line":4,"column":15},"end":{"line":4,"column":16}},"loc":{"start":{"line":4,"column":25},"end":{"line":23,"column":1}},"line":4},"1":{"name":"(anonymous_1)","decl":{"start":{"line":5,"column":35},"end":{"line":5,"column":36}},"loc":{"start":{"line":5,"column":41},"end":{"line":9,"column":5}},"line":5},"2":{"name":"(anonymous_2)","decl":{"start":{"line":10,"column":36},"end":{"line":10,"column":37}},"loc":{"start":{"line":10,"column":42},"end":{"line":14,"column":5}},"line":10}},"branchMap":{},"s":{"0":1,"1":1,"2":1,"3":1,"4":1,"5":0,"6":0,"7":0,"8":1,"9":0,"10":0,"11":0,"12":1,"13":1},"f":{"0":1,"1":0,"2":0},"b":{},"_coverageSchema":"332fd63041d2c1bcb487cc26dd0d5f7d97098a6c","hash":"3432c933c827be249138e700232103c2772f2297"}
,"F:\\vidlybackend\\genres.js\\startup\\routes.js": {"path":"F:\\vidlybackend\\genres.js\\startup\\routes.js","statementMap":{"0":{"start":{"line":1,"column":13},"end":{"line":1,"column":39}},"1":{"start":{"line":2,"column":14},"end":{"line":2,"column":41}},"2":{"start":{"line":3,"column":11},"end":{"line":3,"column":36}},"3":{"start":{"line":4,"column":16},"end":{"line":4,"column":46}},"4":{"start":{"line":5,"column":13},"end":{"line":5,"column":40}},"5":{"start":{"line":6,"column":11},"end":{"line":6,"column":36}},"6":{"start":{"line":7,"column":12},"end":{"line":7,"column":42}},"7":{"start":{"line":8,"column":14},"end":{"line":8,"column":32}},"8":{"start":{"line":9,"column":0},"end":{"line":18,"column":1}},"9":{"start":{"line":10,"column":0},"end":{"line":10,"column":23}},"10":{"start":{"line":11,"column":0},"end":{"line":11,"column":29}},"11":{"start":{"line":12,"column":0},"end":{"line":12,"column":35}},"12":{"start":{"line":13,"column":0},"end":{"line":13,"column":29}},"13":{"start":{"line":14,"column":0},"end":{"line":14,"column":31}},"14":{"start":{"line":15,"column":0},"end":{"line":15,"column":26}},"15":{"start":{"line":16,"column":0},"end":{"line":16,"column":25}},"16":{"start":{"line":17,"column":0},"end":{"line":17,"column":14}}},"fnMap":{"0":{"name":"(anonymous_0)","decl":{"start":{"line":9,"column":15},"end":{"line":9,"column":16}},"loc":{"start":{"line":9,"column":28},"end":{"line":18,"column":1}},"line":9}},"branchMap":{},"s":{"0":1,"1":1,"2":1,"3":1,"4":1,"5":1,"6":1,"7":1,"8":1,"9":1,"10":1,"11":1,"12":1,"13":1,"14":1,"15":1,"16":1},"f":{"0":1},"b":{},"_coverageSchema":"332fd63041d2c1bcb487cc26dd0d5f7d97098a6c","hash":"29f7cdad13d7f84ec7aed145c06f2a7cb7ee6419"}
,"F:\\vidlybackend\\genres.js\\startup\\validation.js": {"path":"F:\\vidlybackend\\genres.js\\startup\\validation.js","statementMap":{"0":{"start":{"line":1,"column":10},"end":{"line":1,"column":24}},"1":{"start":{"line":2,"column":0},"end":{"line":4,"column":1}},"2":{"start":{"line":3,"column":4},"end":{"line":3,"column":45}}},"fnMap":{"0":{"name":"(anonymous_0)","decl":{"start":{"line":2,"column":15},"end":{"line":2,"column":16}},"loc":{"start":{"line":2,"column":25},"end":{"line":4,"column":1}},"line":2}},"branchMap":{},"s":{"0":1,"1":1,"2":1},"f":{"0":1},"b":{},"_coverageSchema":"332fd63041d2c1bcb487cc26dd0d5f7d97098a6c","hash":"29f402c121e7ebe5ad9775ec6d2afbb783bc5090"}
}
